c:\users\user\desktop\game\mygame\mygame\x64\release\vc142.pdb
c:\users\user\desktop\game\mygame\mygame\x64\release\player.obj
c:\users\user\desktop\game\mygame\mygame\x64\release\game.obj
c:\users\user\desktop\game\mygame\mygame\x64\release\terataki.obj
c:\users\user\desktop\game\mygame\mygame\x64\release\sfaira.obj
c:\users\user\desktop\game\mygame\mygame\x64\release\player2.obj
c:\users\user\desktop\game\mygame\mygame\x64\release\main.obj
c:\users\user\desktop\game\mygame\mygame\x64\release\gameobject.obj
c:\users\user\desktop\game\mygame\mygame\x64\release\util.obj
c:\users\user\desktop\game\mygame\executed\mygame.exe
c:\users\user\desktop\game\mygame\executed\mygame.pdb
c:\users\user\desktop\game\mygame\executed\mygame.ipdb
c:\users\user\desktop\game\mygame\executed\mygame.iobj
c:\users\user\desktop\game\mygame\mygame\x64\release\mygame.tlog\cl.command.1.tlog
c:\users\user\desktop\game\mygame\mygame\x64\release\mygame.tlog\cl.read.1.tlog
c:\users\user\desktop\game\mygame\mygame\x64\release\mygame.tlog\cl.write.1.tlog
c:\users\user\desktop\game\mygame\mygame\x64\release\mygame.tlog\link.command.1.tlog
c:\users\user\desktop\game\mygame\mygame\x64\release\mygame.tlog\link.read.1.tlog
c:\users\user\desktop\game\mygame\mygame\x64\release\mygame.tlog\link.write.1.tlog
c:\users\user\desktop\game\mygame\mygame\x64\release\mygame.tlog\mygame.write.1u.tlog
